app/build/intermediates/manifest_merge_blame_file/debug/manifest-merger-blame-debug-report.txt
1<?xml version="1.0" encoding="utf-8"?>
2<manifest xmlns:android="http://schemas.android.com/apk/res/android"
3    package="com.guglielmoboi.cstimergraph"
4    android:versionCode="4"
5    android:versionName="1.2" >
6
7    <uses-sdk
8        android:minSdkVersion="26"
8-->src\main\AndroidManifest.xml
9        android:targetSdkVersion="33" />
9-->src\main\AndroidManifest.xml
10
11    <uses-permission android:name="android.permission.READ_EXTERNAL_STORAGE" />
11-->src\main\AndroidManifest.xml:6:5-80
11-->src\main\AndroidManifest.xml:6:22-77
12    <uses-permission android:name="com.android.vending.BILLING" /> <!-- Permission will be merged into the manifest of the hosting app. -->
12-->[com.android.billingclient:billing-ktx:5.0.0] AndroidManifest.xml:9:5-67
12-->[com.android.billingclient:billing-ktx:5.0.0] AndroidManifest.xml:9:22-64
13    <!-- Is required to launch foreground extraction service for targetSdkVersion 28+. -->
14    <uses-permission android:name="android.permission.FOREGROUND_SERVICE" />
14-->[com.google.android.play:core:1.10.3] AndroidManifest.xml:13:5-77
14-->[com.google.android.play:core:1.10.3] AndroidManifest.xml:13:22-74
15
16    <application
16-->src\main\AndroidManifest.xml:8:5-34:19
17        android:allowBackup="true"
17-->src\main\AndroidManifest.xml:10:9-35
18        android:appComponentFactory="androidx.core.app.CoreComponentFactory"
18-->[androidx.core:core:1.8.0] AndroidManifest.xml:24:18-86
19        android:debuggable="true"
20        android:extractNativeLibs="false"
21        android:icon="@mipmap/ic_launcher"
21-->src\main\AndroidManifest.xml:11:9-43
22        android:label="@string/app_name"
22-->src\main\AndroidManifest.xml:12:9-41
23        android:roundIcon="@mipmap/ic_launcher_round"
23-->src\main\AndroidManifest.xml:13:9-54
24        android:supportsRtl="true"
24-->src\main\AndroidManifest.xml:14:9-35
25        android:theme="@style/Theme.CsTimer_Graph" >
25-->src\main\AndroidManifest.xml:15:9-51
26        <activity
26-->src\main\AndroidManifest.xml:17:9-28:20
27            android:name="com.guglielmoboi.cstimergraph.mainactivity.MainActivity"
27-->src\main\AndroidManifest.xml:17:19-89
28            android:exported="true" >
28-->src\main\AndroidManifest.xml:18:13-36
29            <intent-filter>
29-->src\main\AndroidManifest.xml:20:13-26:29
30                <action android:name="android.intent.action.MAIN" />
30-->src\main\AndroidManifest.xml:22:17-69
30-->src\main\AndroidManifest.xml:22:25-66
31
32                <category android:name="android.intent.category.LAUNCHER" />
32-->src\main\AndroidManifest.xml:24:17-77
32-->src\main\AndroidManifest.xml:24:27-74
33            </intent-filter>
34        </activity>
35
36        <meta-data
36-->src\main\AndroidManifest.xml:30:9-32:57
37            android:name="preloaded_fonts"
37-->src\main\AndroidManifest.xml:31:13-43
38            android:resource="@array/preloaded_fonts" />
38-->src\main\AndroidManifest.xml:32:13-54
39
40        <uses-library
40-->[androidx.window:window:1.0.0] AndroidManifest.xml:25:9-27:40
41            android:name="androidx.window.extensions"
41-->[androidx.window:window:1.0.0] AndroidManifest.xml:26:13-54
42            android:required="false" />
42-->[androidx.window:window:1.0.0] AndroidManifest.xml:27:13-37
43        <uses-library
43-->[androidx.window:window:1.0.0] AndroidManifest.xml:28:9-30:40
44            android:name="androidx.window.sidecar"
44-->[androidx.window:window:1.0.0] AndroidManifest.xml:29:13-51
45            android:required="false" />
45-->[androidx.window:window:1.0.0] AndroidManifest.xml:30:13-37
46
47        <service
47-->[androidx.room:room-runtime:2.4.3] AndroidManifest.xml:25:9-28:40
48            android:name="androidx.room.MultiInstanceInvalidationService"
48-->[androidx.room:room-runtime:2.4.3] AndroidManifest.xml:26:13-74
49            android:directBootAware="true"
49-->[androidx.room:room-runtime:2.4.3] AndroidManifest.xml:27:13-43
50            android:exported="false" />
50-->[androidx.room:room-runtime:2.4.3] AndroidManifest.xml:28:13-37
51
52        <meta-data
52-->[com.android.billingclient:billing:5.0.0] AndroidManifest.xml:13:9-15:37
53            android:name="com.google.android.play.billingclient.version"
53-->[com.android.billingclient:billing:5.0.0] AndroidManifest.xml:14:13-73
54            android:value="5.0.0" />
54-->[com.android.billingclient:billing:5.0.0] AndroidManifest.xml:15:13-34
55
56        <activity
56-->[com.android.billingclient:billing:5.0.0] AndroidManifest.xml:17:9-21:75
57            android:name="com.android.billingclient.api.ProxyBillingActivity"
57-->[com.android.billingclient:billing:5.0.0] AndroidManifest.xml:18:13-78
58            android:configChanges="keyboard|keyboardHidden|screenLayout|screenSize|orientation"
58-->[com.android.billingclient:billing:5.0.0] AndroidManifest.xml:19:13-96
59            android:exported="false"
59-->[com.android.billingclient:billing:5.0.0] AndroidManifest.xml:20:13-37
60            android:theme="@android:style/Theme.Translucent.NoTitleBar" />
60-->[com.android.billingclient:billing:5.0.0] AndroidManifest.xml:21:13-72
61
62        <provider
62-->[androidx.emoji2:emoji2:1.2.0] AndroidManifest.xml:24:9-32:20
63            android:name="androidx.startup.InitializationProvider"
63-->[androidx.emoji2:emoji2:1.2.0] AndroidManifest.xml:25:13-67
64            android:authorities="com.guglielmoboi.cstimergraph.androidx-startup"
64-->[androidx.emoji2:emoji2:1.2.0] AndroidManifest.xml:26:13-68
65            android:exported="false" >
65-->[androidx.emoji2:emoji2:1.2.0] AndroidManifest.xml:27:13-37
66            <meta-data
66-->[androidx.emoji2:emoji2:1.2.0] AndroidManifest.xml:29:13-31:52
67                android:name="androidx.emoji2.text.EmojiCompatInitializer"
67-->[androidx.emoji2:emoji2:1.2.0] AndroidManifest.xml:30:17-75
68                android:value="androidx.startup" />
68-->[androidx.emoji2:emoji2:1.2.0] AndroidManifest.xml:31:17-49
69            <meta-data
69-->[androidx.lifecycle:lifecycle-process:2.4.1] AndroidManifest.xml:31:13-33:52
70                android:name="androidx.lifecycle.ProcessLifecycleInitializer"
70-->[androidx.lifecycle:lifecycle-process:2.4.1] AndroidManifest.xml:32:17-78
71                android:value="androidx.startup" />
71-->[androidx.lifecycle:lifecycle-process:2.4.1] AndroidManifest.xml:33:17-49
72            <meta-data
72-->[androidx.profileinstaller:profileinstaller:1.0.1] AndroidManifest.xml:31:13-33:52
73                android:name="androidx.profileinstaller.ProfileInstallerInitializer"
73-->[androidx.profileinstaller:profileinstaller:1.0.1] AndroidManifest.xml:32:17-85
74                android:value="androidx.startup" />
74-->[androidx.profileinstaller:profileinstaller:1.0.1] AndroidManifest.xml:33:17-49
75        </provider>
76
77        <receiver
77-->[androidx.profileinstaller:profileinstaller:1.0.1] AndroidManifest.xml:36:9-45:20
78            android:name="androidx.profileinstaller.ProfileInstallReceiver"
78-->[androidx.profileinstaller:profileinstaller:1.0.1] AndroidManifest.xml:37:13-76
79            android:directBootAware="false"
79-->[androidx.profileinstaller:profileinstaller:1.0.1] AndroidManifest.xml:38:13-44
80            android:enabled="true"
80-->[androidx.profileinstaller:profileinstaller:1.0.1] AndroidManifest.xml:39:13-35
81            android:exported="true"
81-->[androidx.profileinstaller:profileinstaller:1.0.1] AndroidManifest.xml:40:13-36
82            android:permission="android.permission.DUMP" >
82-->[androidx.profileinstaller:profileinstaller:1.0.1] AndroidManifest.xml:41:13-57
83            <intent-filter>
83-->[androidx.profileinstaller:profileinstaller:1.0.1] AndroidManifest.xml:42:13-44:29
84                <action android:name="androidx.profileinstaller.action.INSTALL_PROFILE" />
84-->[androidx.profileinstaller:profileinstaller:1.0.1] AndroidManifest.xml:43:17-91
84-->[androidx.profileinstaller:profileinstaller:1.0.1] AndroidManifest.xml:43:25-88
85            </intent-filter>
86        </receiver> <!-- The activities will be merged into the manifest of the hosting app. -->
87        <activity
87-->[com.google.android.play:core:1.10.3] AndroidManifest.xml:18:9-24:45
88            android:name="com.google.android.play.core.missingsplits.PlayCoreMissingSplitsActivity"
88-->[com.google.android.play:core:1.10.3] AndroidManifest.xml:19:13-100
89            android:enabled="false"
89-->[com.google.android.play:core:1.10.3] AndroidManifest.xml:20:13-36
90            android:exported="false"
90-->[com.google.android.play:core:1.10.3] AndroidManifest.xml:21:13-37
91            android:launchMode="singleInstance"
91-->[com.google.android.play:core:1.10.3] AndroidManifest.xml:22:13-48
92            android:process=":playcore_missing_splits_activity"
92-->[com.google.android.play:core:1.10.3] AndroidManifest.xml:23:13-64
93            android:stateNotNeeded="true" />
93-->[com.google.android.play:core:1.10.3] AndroidManifest.xml:24:13-42
94        <activity
94-->[com.google.android.play:core:1.10.3] AndroidManifest.xml:25:9-29:65
95            android:name="com.google.android.play.core.common.PlayCoreDialogWrapperActivity"
95-->[com.google.android.play:core:1.10.3] AndroidManifest.xml:26:13-93
96            android:exported="false"
96-->[com.google.android.play:core:1.10.3] AndroidManifest.xml:27:13-37
97            android:stateNotNeeded="true"
97-->[com.google.android.play:core:1.10.3] AndroidManifest.xml:28:13-42
98            android:theme="@style/Theme.PlayCore.Transparent" /> <!-- The services will be merged into the manifest of the hosting app. -->
98-->[com.google.android.play:core:1.10.3] AndroidManifest.xml:29:13-62
99        <service
99-->[com.google.android.play:core:1.10.3] AndroidManifest.xml:32:9-39:19
100            android:name="com.google.android.play.core.assetpacks.AssetPackExtractionService"
100-->[com.google.android.play:core:1.10.3] AndroidManifest.xml:33:13-94
101            android:enabled="false"
101-->[com.google.android.play:core:1.10.3] AndroidManifest.xml:34:13-36
102            android:exported="true" >
102-->[com.google.android.play:core:1.10.3] AndroidManifest.xml:35:13-36
103            <meta-data
103-->[com.google.android.play:core:1.10.3] AndroidManifest.xml:36:13-38:41
104                android:name="com.google.android.play.core.assetpacks.versionCode"
104-->[com.google.android.play:core:1.10.3] AndroidManifest.xml:37:17-83
105                android:value="11003" />
105-->[com.google.android.play:core:1.10.3] AndroidManifest.xml:38:17-38
106        </service>
107        <service
107-->[com.google.android.play:core:1.10.3] AndroidManifest.xml:40:9-43:40
108            android:name="com.google.android.play.core.assetpacks.ExtractionForegroundService"
108-->[com.google.android.play:core:1.10.3] AndroidManifest.xml:41:13-95
109            android:enabled="false"
109-->[com.google.android.play:core:1.10.3] AndroidManifest.xml:42:13-36
110            android:exported="false" />
110-->[com.google.android.play:core:1.10.3] AndroidManifest.xml:43:13-37
111    </application>
112
113</manifest>